[32mINFO [0m[23-11-2020|15:51:37.782] Server started                                [32mhost=[0mlocalhost [32mport=[0m443 [0m
[32mINFO [0m[23-11-2020|16:14:36.314] Server started                                [32mhost=[0mlocalhost [32mport=[0m443 [0m
[32mINFO [0m[23-11-2020|16:14:36.526] MongoDB connected                             [32muri=[0m'mongodb://localhost:27017/coacher' [0m
[32mINFO [0m[23-11-2020|16:30:00.754] Server started                                [32mhost=[0mlocalhost [32mport=[0m443 [0m
[32mINFO [0m[23-11-2020|16:30:00.779] MongoDB connected                             [32muri=[0m'mongodb://localhost:27017/coacher' [0m
[32mINFO [0m[23-11-2020|16:31:09.677] Server started                                [32mhost=[0mlocalhost [32mport=[0m443 [0m
[32mINFO [0m[23-11-2020|16:31:09.695] MongoDB connected                             [32muri=[0m'mongodb://localhost:27017/coacher' [0m
[32mINFO [0m[23-11-2020|17:55:28.230] Server started                                [32mhost=[0mlocalhost [32mport=[0m443 [0m
[32mINFO [0m[23-11-2020|17:55:28.373] MongoDB connected                             [32muri=[0m'mongodb://localhost:27017/coacher' [0m
[32mINFO [0m[23-11-2020|17:57:09.975] Server started                                [32mhost=[0mlocalhost [32mport=[0m443 [0m
[32mINFO [0m[23-11-2020|17:57:09.989] MongoDB connected                             [32muri=[0m'mongodb://localhost:27017/coacher' [0m
[32mINFO [0m[23-11-2020|17:57:49.941] Server started                                [32mhost=[0mlocalhost [32mport=[0m443 [0m
[32mINFO [0m[23-11-2020|17:57:49.954] MongoDB connected                             [32muri=[0m'mongodb://localhost:27017/coacher' [0m
[32mINFO [0m[23-11-2020|17:59:07.326] Server started                                [32mhost=[0mlocalhost [32mport=[0m443 [0m
[32mINFO [0m[23-11-2020|17:59:07.340] MongoDB connected                             [32muri=[0m'mongodb://localhost:27017/coacher' [0m
[32mINFO [0m[23-11-2020|18:02:06.271] Server started                                [32mhost=[0mlocalhost [32mport=[0m443 [0m
[32mINFO [0m[23-11-2020|18:02:06.286] MongoDB connected                             [32muri=[0m'mongodb://localhost:27017/coacher' [0m
[32mINFO [0m[23-11-2020|18:03:32.359] Server started                                [32mhost=[0mlocalhost [32mport=[0m443 [0m
[32mINFO [0m[23-11-2020|18:03:32.372] MongoDB connected                             [32muri=[0m'mongodb://localhost:27017/coacher' [0m
[32mINFO [0m[23-11-2020|18:21:49.831] Server started                                [32mhost=[0mlocalhost [32mport=[0m443 [0m
[32mINFO [0m[23-11-2020|18:21:49.844] MongoDB connected                             [32muri=[0m'mongodb://localhost:27017/coacher' [0m
[32mINFO [0m[23-11-2020|18:22:55.054] Server started                                [32mhost=[0mlocalhost [32mport=[0m443 [0m
[32mINFO [0m[23-11-2020|18:22:55.068] MongoDB connected                             [32muri=[0m'mongodb://localhost:27017/coacher' [0m
[32mINFO [0m[23-11-2020|18:23:48.474] Server started                                [32mhost=[0mlocalhost [32mport=[0m443 [0m
[32mINFO [0m[23-11-2020|18:23:48.488] MongoDB connected                             [32muri=[0m'mongodb://localhost:27017/coacher' [0m
[32mINFO [0m[23-11-2020|18:24:43.993] Server started                                [32mhost=[0mlocalhost [32mport=[0m443 [0m
[32mINFO [0m[23-11-2020|18:24:44.008] MongoDB connected                             [32muri=[0m'mongodb://localhost:27017/coacher' [0m
[32mINFO [0m[23-11-2020|18:25:06.580] Server started                                [32mhost=[0mlocalhost [32mport=[0m443 [0m
[32mINFO [0m[23-11-2020|18:25:06.595] MongoDB connected                             [32muri=[0m'mongodb://localhost:27017/coacher' [0m
[32mINFO [0m[23-11-2020|18:25:24.299] Server started                                [32mhost=[0mlocalhost [32mport=[0m443 [0m
[32mINFO [0m[23-11-2020|18:25:24.313] MongoDB connected                             [32muri=[0m'mongodb://localhost:27017/coacher' [0m
[32mINFO [0m[23-11-2020|18:25:36.252] Server started                                [32mhost=[0mlocalhost [32mport=[0m443 [0m
[32mINFO [0m[23-11-2020|18:25:36.265] MongoDB connected                             [32muri=[0m'mongodb://localhost:27017/coacher' [0m
[32mINFO [0m[23-11-2020|18:26:14.031] Server started                                [32mhost=[0mlocalhost [32mport=[0m443 [0m
[32mINFO [0m[23-11-2020|18:26:14.045] MongoDB connected                             [32muri=[0m'mongodb://localhost:27017/coacher' [0m
[32mINFO [0m[23-11-2020|18:26:28.070] Server started                                [32mhost=[0mlocalhost [32mport=[0m443 [0m
[32mINFO [0m[23-11-2020|18:26:28.084] MongoDB connected                             [32muri=[0m'mongodb://localhost:27017/coacher' [0m
[32mINFO [0m[23-11-2020|18:26:41.355] Server started                                [32mhost=[0mlocalhost [32mport=[0m443 [0m
[32mINFO [0m[23-11-2020|18:26:41.371] MongoDB connected                             [32muri=[0m'mongodb://localhost:27017/coacher' [0m
[32mINFO [0m[23-11-2020|18:26:54.728] Server started                                [32mhost=[0mlocalhost [32mport=[0m443 [0m
[32mINFO [0m[23-11-2020|18:26:54.741] MongoDB connected                             [32muri=[0m'mongodb://localhost:27017/coacher' [0m
[32mINFO [0m[23-11-2020|18:27:03.591] Server started                                [32mhost=[0mlocalhost [32mport=[0m443 [0m
[32mINFO [0m[23-11-2020|18:27:03.604] MongoDB connected                             [32muri=[0m'mongodb://localhost:27017/coacher' [0m
[32mINFO [0m[23-11-2020|18:27:17.106] Server started                                [32mhost=[0mlocalhost [32mport=[0m443 [0m
[32mINFO [0m[23-11-2020|18:27:17.120] MongoDB connected                             [32muri=[0m'mongodb://localhost:27017/coacher' [0m
[32mINFO [0m[23-11-2020|18:27:20.716] Server started                                [32mhost=[0mlocalhost [32mport=[0m443 [0m
[32mINFO [0m[23-11-2020|18:27:20.730] MongoDB connected                             [32muri=[0m'mongodb://localhost:27017/coacher' [0m
[32mINFO [0m[23-11-2020|18:27:35.482] Server started                                [32mhost=[0mlocalhost [32mport=[0m443 [0m
[32mINFO [0m[23-11-2020|18:27:35.496] MongoDB connected                             [32muri=[0m'mongodb://localhost:27017/coacher' [0m
[32mINFO [0m[23-11-2020|18:27:44.268] Server started                                [32mhost=[0mlocalhost [32mport=[0m443 [0m
[32mINFO [0m[23-11-2020|18:27:44.283] MongoDB connected                             [32muri=[0m'mongodb://localhost:27017/coacher' [0m
[32mINFO [0m[23-11-2020|18:27:51.761] Server started                                [32mhost=[0mlocalhost [32mport=[0m443 [0m
[32mINFO [0m[23-11-2020|18:27:51.776] MongoDB connected                             [32muri=[0m'mongodb://localhost:27017/coacher' [0m
[32mINFO [0m[23-11-2020|18:28:00.953] Server started                                [32mhost=[0mlocalhost [32mport=[0m443 [0m
[32mINFO [0m[23-11-2020|18:28:00.970] MongoDB connected                             [32muri=[0m'mongodb://localhost:27017/coacher' [0m
[32mINFO [0m[23-11-2020|18:28:52.235] Server started                                [32mhost=[0mlocalhost [32mport=[0m443 [0m
[32mINFO [0m[23-11-2020|18:28:52.251] MongoDB connected                             [32muri=[0m'mongodb://localhost:27017/coacher' [0m
[32mINFO [0m[23-11-2020|18:30:41.120] Server started                                [32mhost=[0mlocalhost [32mport=[0m443 [0m
[32mINFO [0m[23-11-2020|18:30:41.141] MongoDB connected                             [32muri=[0m'mongodb://localhost:27017/coacher' [0m
[32mINFO [0m[23-11-2020|18:30:58.380] Server started                                [32mhost=[0mlocalhost [32mport=[0m443 [0m
[32mINFO [0m[23-11-2020|18:30:58.393] MongoDB connected                             [32muri=[0m'mongodb://localhost:27017/coacher' [0m
[32mINFO [0m[23-11-2020|18:31:40.628] Server started                                [32mhost=[0mlocalhost [32mport=[0m443 [0m
[32mINFO [0m[23-11-2020|18:31:40.644] MongoDB connected                             [32muri=[0m'mongodb://localhost:27017/coacher' [0m
[32mINFO [0m[23-11-2020|18:48:51.555] Server started                                [32mhost=[0mlocalhost [32mport=[0m443 [0m
[32mINFO [0m[23-11-2020|18:48:51.570] Token created                                 [32mtoken=[0mjO6nyApyFYFhbDZ [0m
[32mINFO [0m[23-11-2020|18:48:51.583] MongoDB connected                             [32muri=[0m'mongodb://localhost:27017/coacher' [0m
[32mINFO [0m[23-11-2020|18:48:55.996] Server started                                [32mhost=[0mlocalhost [32mport=[0m443 [0m
[32mINFO [0m[23-11-2020|18:48:56.011] MongoDB connected                             [32muri=[0m'mongodb://localhost:27017/coacher' [0m
[32mINFO [0m[23-11-2020|18:48:56.012] Token created                                 [32mtoken=[0mQuL9TyUcoORaghE [0m
[32mINFO [0m[23-11-2020|18:49:08.445] Server started                                [32mhost=[0mlocalhost [32mport=[0m443 [0m
[32mINFO [0m[23-11-2020|18:49:08.463] MongoDB connected                             [32muri=[0m'mongodb://localhost:27017/coacher' [0m
[32mINFO [0m[23-11-2020|18:49:08.464] Token created                                 [32mtoken=[0mEisKMtXGwf1nKtQ [0m
[32mINFO [0m[23-11-2020|18:50:11.178] Server started                                [32mhost=[0mlocalhost [32mport=[0m443 [0m
[32mINFO [0m[23-11-2020|18:50:11.195] MongoDB connected                             [32muri=[0m'mongodb://localhost:27017/coacher' [0m
[32mINFO [0m[23-11-2020|18:50:11.195] Token created                                 [32mtoken=[0m$4^+JKckoZ(4(UD5$['klW$Ncs9tt!Zk [0m
[32mINFO [0m[23-11-2020|19:03:14.052] Server started                                [32mhost=[0mlocalhost [32mport=[0m443 [0m
[32mINFO [0m[23-11-2020|19:03:14.066] MongoDB connected                             [32muri=[0m'mongodb://localhost:27017/coacher' [0m
[32mINFO [0m[23-11-2020|19:03:53.396] Server started                                [32mhost=[0mlocalhost [32mport=[0m443 [0m
[32mINFO [0m[23-11-2020|19:03:53.413] MongoDB connected                             [32muri=[0m'mongodb://localhost:27017/coacher' [0m
[32mINFO [0m[23-11-2020|19:03:53.450] Token secret created                          [32mtoken=[0m*i#7hc4xEn[Ts^ve@9RXFQJ0PYT4SC)S [0m
[32mINFO [0m[23-11-2020|19:04:38.181] Server started                                [32mhost=[0mlocalhost [32mport=[0m443 [0m
[32mINFO [0m[23-11-2020|19:04:38.199] MongoDB connected                             [32muri=[0m'mongodb://localhost:27017/coacher' [0m
[32mINFO [0m[23-11-2020|19:04:38.200] Token secret created                          [32mtoken=[0mS6j.fzKM4v^fdn3lO/Z#(ONSfvHvqxSO [0m
[32mINFO [0m[23-11-2020|19:09:05.831] Server started                                [32mhost=[0mlocalhost [32mport=[0m443 [0m
[32mINFO [0m[23-11-2020|19:09:05.854] MongoDB connected                             [32muri=[0m'mongodb://localhost:27017/coacher' [0m
[32mINFO [0m[23-11-2020|19:09:05.873] Token secret created                          [32mtoken=[0m^nCJ;yznJc/sVGodl[ORpG8D^\h'CrVY [0m
[32mINFO [0m[23-11-2020|19:10:52.690] Server started                                [32mhost=[0mlocalhost [32mport=[0m443 [0m
[32mINFO [0m[23-11-2020|19:10:52.706] MongoDB connected                             [32muri=[0m'mongodb://localhost:27017/coacher' [0m
[32mINFO [0m[23-11-2020|19:10:52.734] Token secret created                          [32mtoken=[0mCsTIe10lI4Nes\3z\+P&(5V0OoYef*p^ [0m
[32mINFO [0m[23-11-2020|19:11:39.598] Server started                                [32mhost=[0mlocalhost [32mport=[0m443 [0m
[32mINFO [0m[23-11-2020|19:11:39.616] MongoDB connected                             [32muri=[0m'mongodb://localhost:27017/coacher' [0m
[32mINFO [0m[23-11-2020|19:11:39.616] Token secret created                          [32mtoken=[0mj/VsOmLCtCJ#sJ4V^i7^dh9l!AaS1h2e [0m
[32mINFO [0m[23-11-2020|19:14:44.299] Server started                                [32mhost=[0mlocalhost [32mport=[0m443 [0m
[32mINFO [0m[23-11-2020|19:14:44.326] MongoDB connected                             [32muri=[0m'mongodb://localhost:27017/coacher' [0m
[32mINFO [0m[23-11-2020|19:14:44.327] Token secret created                          [32mtoken=[0m;83Wvz;B4Z0VMO4T'9fgl\QjUcV)G!2L [0m
[32mINFO [0m[23-11-2020|19:15:48.567] Server started                                [32mhost=[0mlocalhost [32mport=[0m443 [0m
[32mINFO [0m[23-11-2020|19:15:48.583] MongoDB connected                             [32muri=[0m'mongodb://localhost:27017/coacher' [0m
[32mINFO [0m[23-11-2020|19:15:48.584] Token secret created                          [32mtoken=[0m(8bd^)8IwJ\l9u5LRjk_JHg/V2P*Sla1 [0m
[32mINFO [0m[23-11-2020|19:16:39.891] Server started                                [32mhost=[0mlocalhost [32mport=[0m443 [0m
[32mINFO [0m[23-11-2020|19:16:39.908] MongoDB connected                             [32muri=[0m'mongodb://localhost:27017/coacher' [0m
[32mINFO [0m[23-11-2020|19:16:39.909] Token secret created                          [32mtoken=[0m1ztk,t&QIX7/5EWvDX76MVKB,F!X;V1@ [0m
[32mINFO [0m[23-11-2020|19:16:59.591] User registered                               [32muserid=[0m5fe3899bc60270160433ed85 [32mip=[0m::ffff:127.0.0.1 [0m
[32mINFO [0m[23-11-2020|19:23:07.308] Server started                                [32mhost=[0mlocalhost [32mport=[0m443 [0m
[32mINFO [0m[23-11-2020|19:23:07.325] MongoDB connected                             [32muri=[0m'mongodb://localhost:27017/coacher' [0m
[32mINFO [0m[23-11-2020|19:23:07.325] Token secret created                          [32mtoken=[0mxRym!D@CVYgj'*w[641xn1t9sP3RZDQ& [0m
[32mINFO [0m[23-11-2020|19:25:44.967] Server started                                [32mhost=[0mlocalhost [32mport=[0m443 [0m
[32mINFO [0m[23-11-2020|19:25:44.986] MongoDB connected                             [32muri=[0m'mongodb://localhost:27017/coacher' [0m
[32mINFO [0m[23-11-2020|19:25:44.986] Token secret created                          [32mtoken=[0m^s2%l98]a#bpsan2g8r)n(/1N2F7v(Va [0m
[32mINFO [0m[23-11-2020|19:26:15.361] Server started                                [32mhost=[0mlocalhost [32mport=[0m443 [0m
[32mINFO [0m[23-11-2020|19:26:15.378] MongoDB connected                             [32muri=[0m'mongodb://localhost:27017/coacher' [0m
[32mINFO [0m[23-11-2020|19:26:15.379] Token secret created                          [32mtoken=[0m9z(kMtm4R6SGa,J25fro$sr&c(xwI,Vo [0m
[32mINFO [0m[23-11-2020|19:27:30.088] Server started                                [32mhost=[0mlocalhost [32mport=[0m443 [0m
[32mINFO [0m[23-11-2020|19:27:30.105] MongoDB connected                             [32muri=[0m'mongodb://localhost:27017/coacher' [0m
[32mINFO [0m[23-11-2020|19:27:30.106] Token secret created                          [32mtoken=[0mbE,9qbS9nFLt7fLNGHh.!4t_DfEg&Ty0 [0m
[32mINFO [0m[23-11-2020|19:28:14.925] Server started                                [32mhost=[0mlocalhost [32mport=[0m443 [0m
[32mINFO [0m[23-11-2020|19:28:14.942] MongoDB connected                             [32muri=[0m'mongodb://localhost:27017/coacher' [0m
[32mINFO [0m[23-11-2020|19:28:14.943] Token secret created                          [32mtoken=[0mIFnn2V#Gvk1aW.7O]$xtKXo*%2ZoY([q [0m
[32mINFO [0m[23-11-2020|19:28:27.576] User logged in                                [32muserid=[0m5fe3899bc60270160433ed85 [32mip=[0m::ffff:127.0.0.1 [0m
[32mINFO [0m[23-11-2020|19:29:39.626] Server started                                [32mhost=[0mlocalhost [32mport=[0m443 [0m
[32mINFO [0m[23-11-2020|19:29:39.644] MongoDB connected                             [32muri=[0m'mongodb://localhost:27017/coacher' [0m
[32mINFO [0m[23-11-2020|19:29:39.644] Token secret created                          [32mtoken=[0myJeJ_PyV]j$fJWHF38Nq*t5Y;pbq9;\T [0m
[32mINFO [0m[23-11-2020|19:29:45.062] User logged in                                [32muserid=[0m5fe3899bc60270160433ed85 [32mip=[0m::ffff:127.0.0.1 [0m
[32mINFO [0m[23-11-2020|19:29:58.530] Server started                                [32mhost=[0mlocalhost [32mport=[0m443 [0m
[32mINFO [0m[23-11-2020|19:29:58.551] MongoDB connected                             [32muri=[0m'mongodb://localhost:27017/coacher' [0m
[32mINFO [0m[23-11-2020|19:29:58.554] Token secret created                          [32mtoken=[0mYfEQroG&Id/MKjOnmenxCuZvXpfx6wFh [0m
[32mINFO [0m[23-11-2020|20:37:05.969] Server started                                [32mhost=[0mlocalhost [32mport=[0m443 [0m
[32mINFO [0m[23-11-2020|20:37:05.993] MongoDB connected                             [32muri=[0m'mongodb://localhost:27017/coacher' [0m
[32mINFO [0m[23-11-2020|20:37:05.994] Token secret created                          [32mtoken=[0mqAO_PaOuxlaFZM0MC&V^a/qf$cfHKt@/ [0m
[32mINFO [0m[09-00-2021|16:11:33.127] Server started                                [32mhost=[0mlocalhost [32mport=[0m443 [0m
[32mINFO [0m[09-00-2021|16:11:33.217] Token secret created                          [32mtoken=[0m,5iPQasbTREbhIIHlnv9_8u[B$lGO2+; [0m
[32mINFO [0m[09-00-2021|16:11:33.326] MongoDB connected                             [32muri=[0m'mongodb://localhost:27017/coacher' [0m
[32mINFO [0m[09-00-2021|16:12:21.524] User logged in                                [32muserid=[0m5fe3899bc60270160433ed85 [32mip=[0m::ffff:127.0.0.1 [0m
[32mINFO [0m[09-00-2021|16:12:54.725] User logged out                               [32muserid=[0m5fe3899bc60270160433ed85 [32mip=[0m::ffff:127.0.0.1 [0m
[32mINFO [0m[09-00-2021|16:13:20.979] User logged in                                [32muserid=[0m5fe3899bc60270160433ed85 [32mip=[0m::ffff:127.0.0.1 [0m
[32mINFO [0m[09-00-2021|16:17:19.630] Server started                                [32mhost=[0mlocalhost [32mport=[0m443 [0m
[32mINFO [0m[09-00-2021|16:17:19.646] MongoDB connected                             [32muri=[0m'mongodb://localhost:27017/coacher' [0m
[32mINFO [0m[09-00-2021|16:17:19.647] Token secret created                          [32mtoken=[0mVmMA4U8YmBsk[kz$$jM_w.z%D'FFq;Zg [0m
[32mINFO [0m[09-00-2021|16:18:49.736] User logged in                                [32muserid=[0m5fe3899bc60270160433ed85 [32mip=[0m::ffff:127.0.0.1 [0m
[32mINFO [0m[09-00-2021|16:25:27.633] Server started                                [32mhost=[0mlocalhost [32mport=[0m443 [0m
[32mINFO [0m[09-00-2021|16:25:27.649] MongoDB connected                             [32muri=[0m'mongodb://localhost:27017/coacher' [0m
[32mINFO [0m[09-00-2021|16:25:27.650] Token secret created                          [32mtoken=[0m!@+qa[40]L)km8yW6^Lu]3kLVjN;.DM] [0m
[32mINFO [0m[09-00-2021|16:25:33.445] User logged in                                [32muserid=[0m5fe3899bc60270160433ed85 [32mip=[0m::ffff:127.0.0.1 [0m
[32mINFO [0m[09-00-2021|16:29:41.379] Server started                                [32mhost=[0mlocalhost [32mport=[0m443 [0m
[32mINFO [0m[09-00-2021|16:29:41.397] MongoDB connected                             [32muri=[0m'mongodb://localhost:27017/coacher' [0m
[32mINFO [0m[09-00-2021|16:29:41.398] Token secret created                          [32mtoken=[0m&tty&jJgdAS_b+rX6^7&iRNLw+u2\ILv [0m
[32mINFO [0m[09-00-2021|16:29:48.305] User logged in                                [32muserid=[0m5fe3899bc60270160433ed85 [32mip=[0m::ffff:127.0.0.1 [0m
[32mINFO [0m[09-00-2021|16:33:56.569] Server started                                [32mhost=[0mlocalhost [32mport=[0m443 [0m
[32mINFO [0m[09-00-2021|16:33:56.588] MongoDB connected                             [32muri=[0m'mongodb://localhost:27017/coacher' [0m
[32mINFO [0m[09-00-2021|16:33:56.589] Token secret created                          [32mtoken=[0m,8BrPiB_N.omSTFmCo+%X3gh5pRPxNKI [0m
[32mINFO [0m[09-00-2021|16:34:02.199] User logged in                                [32muserid=[0m5fe3899bc60270160433ed85 [32mip=[0m::ffff:127.0.0.1 [0m
[32mINFO [0m[09-00-2021|16:46:52.087] Server started                                [32mhost=[0mlocalhost [32mport=[0m443 [0m
[32mINFO [0m[09-00-2021|16:46:52.105] MongoDB connected                             [32muri=[0m'mongodb://localhost:27017/coacher' [0m
[32mINFO [0m[09-00-2021|16:46:52.105] Token secret created                          [32mtoken=[0mcAHs,9nH!9em0Nhz*+()x;T[1qz5cjt$ [0m
[32mINFO [0m[09-00-2021|16:46:56.921] User logged in                                [32muserid=[0m5fe3899bc60270160433ed85 [32mip=[0m::ffff:127.0.0.1 [0m
[32mINFO [0m[09-00-2021|17:11:34.437] Server started                                [32mhost=[0mlocalhost [32mport=[0m443 [0m
[32mINFO [0m[09-00-2021|17:11:34.456] MongoDB connected                             [32muri=[0m'mongodb://localhost:27017/coacher' [0m
[32mINFO [0m[09-00-2021|17:11:34.456] Token secret created                          [32mtoken=[0mOb69_MW_N0^XTJpUgMD.BL_tat#4BT2T [0m
[32mINFO [0m[09-00-2021|17:11:39.091] User logged in                                [32muserid=[0m5fe3899bc60270160433ed85 [32mip=[0m::ffff:127.0.0.1 [0m
[32mINFO [0m[09-00-2021|17:12:20.611] Server started                                [32mhost=[0mlocalhost [32mport=[0m443 [0m
[32mINFO [0m[09-00-2021|17:12:20.637] MongoDB connected                             [32muri=[0m'mongodb://localhost:27017/coacher' [0m
[32mINFO [0m[09-00-2021|17:12:20.637] Token secret created                          [32mtoken=[0mq.jLH8wSCB&Y&hS/MUTr40$*VKbvE84M [0m
[32mINFO [0m[09-00-2021|17:12:25.428] User logged in                                [32muserid=[0m5fe3899bc60270160433ed85 [32mip=[0m::ffff:127.0.0.1 [0m
[32mINFO [0m[09-00-2021|17:12:48.608] Server started                                [32mhost=[0mlocalhost [32mport=[0m443 [0m
[32mINFO [0m[09-00-2021|17:12:48.625] Token secret created                          [32mtoken=[0msKaeb',OGMOR5onTLoyw6Oa*5z[[*Kv9 [0m
[32mINFO [0m[09-00-2021|17:12:48.635] MongoDB connected                             [32muri=[0m'mongodb://localhost:27017/coacher' [0m
[32mINFO [0m[09-00-2021|17:12:54.064] User logged in                                [32muserid=[0m5fe3899bc60270160433ed85 [32mip=[0m::ffff:127.0.0.1 [0m
[32mINFO [0m[09-00-2021|17:29:17.063] Server started                                [32mhost=[0mlocalhost [32mport=[0m443 [0m
[32mINFO [0m[09-00-2021|17:29:17.082] MongoDB connected                             [32muri=[0m'mongodb://localhost:27017/coacher' [0m
[32mINFO [0m[09-00-2021|17:29:17.082] Token secret created                          [32mtoken=[0mic$%(AL1mOJa'tq2aO1GJ7(7TL\.ujaK [0m
[32mINFO [0m[09-00-2021|17:29:23.059] User logged in                                [32muserid=[0m5fe3899bc60270160433ed85 [32mip=[0m::ffff:127.0.0.1 [0m
[32mINFO [0m[09-00-2021|18:54:50.811] Server started                                [32mhost=[0mlocalhost [32mport=[0m443 [0m
[32mINFO [0m[09-00-2021|18:54:50.827] MongoDB connected                             [32muri=[0m'mongodb://localhost:27017/coacher' [0m
[32mINFO [0m[09-00-2021|18:54:50.844] Token secret created                          [32mtoken=[0m)5RMlKXR$uXS8s63l3C.iK1DR;C;no]N [0m
[32mINFO [0m[09-00-2021|18:55:02.990] User logged in                                [32muserid=[0m5fe3899bc60270160433ed85 [32mip=[0m::ffff:127.0.0.1 [0m
[32mINFO [0m[09-00-2021|18:55:27.144] User logged out                               [32muserid=[0m5fe3899bc60270160433ed85 [32mip=[0m::ffff:127.0.0.1 [0m
[32mINFO [0m[09-00-2021|18:55:52.541] User logged in                                [32muserid=[0m5fe3899bc60270160433ed85 [32mip=[0m::ffff:127.0.0.1 [0m
[32mINFO [0m[12-00-2021|19:19:16.143] Server started                                [32mhost=[0mlocalhost [32mport=[0m443 [0m
[32mINFO [0m[12-00-2021|19:19:16.426] MongoDB connected                             [32muri=[0m'mongodb://localhost:27017/coacher' [0m
[32mINFO [0m[12-00-2021|19:19:16.462] Token secret created                          [32mtoken=[0m'!g*2F[uM8UDO2zo6]hdAG2mSLX'FF.H [0m
[32mINFO [0m[12-00-2021|19:20:08.727] User logged in                                [32muserid=[0m5fe3899bc60270160433ed85 [32mip=[0m::ffff:127.0.0.1 [0m
[32mINFO [0m[12-00-2021|19:20:09.560] User logged in                                [32muserid=[0m5fe3899bc60270160433ed85 [32mip=[0m::ffff:127.0.0.1 [0m
[32mINFO [0m[12-00-2021|19:32:10.938] Server started                                [32mhost=[0mlocalhost [32mport=[0m443 [0m
[32mINFO [0m[12-00-2021|19:32:10.956] MongoDB connected                             [32muri=[0m'mongodb://localhost:27017/coacher' [0m
[32mINFO [0m[12-00-2021|19:32:10.956] Token secret created                          [32mtoken=[0m]lrqHDDxO*;RQtg7XEkcB1R24zslhq^E [0m
[32mINFO [0m[12-00-2021|19:32:19.121] User logged in                                [32muserid=[0m5fe3899bc60270160433ed85 [32mip=[0m::ffff:127.0.0.1 [0m
[32mINFO [0m[12-00-2021|19:38:41.368] Server started                                [32mhost=[0mlocalhost [32mport=[0m443 [0m
[32mINFO [0m[12-00-2021|19:38:41.388] MongoDB connected                             [32muri=[0m'mongodb://localhost:27017/coacher' [0m
[32mINFO [0m[12-00-2021|19:38:41.389] Token secret created                          [32mtoken=[0m_804x@#5,Z.(;H'@!X(m,GffY+^yfb8N [0m
[32mINFO [0m[12-00-2021|19:38:53.278] User logged in                                [32muserid=[0m5fe3899bc60270160433ed85 [32mip=[0m::ffff:127.0.0.1 [0m
[32mINFO [0m[12-00-2021|19:41:53.155] Server started                                [32mhost=[0mlocalhost [32mport=[0m443 [0m
[32mINFO [0m[12-00-2021|19:41:53.172] MongoDB connected                             [32muri=[0m'mongodb://localhost:27017/coacher' [0m
[32mINFO [0m[12-00-2021|19:41:53.173] Token secret created                          [32mtoken=[0mIrd\_$F+bV;(2!Xi*5p2L7j*]Kjz.Q5q [0m
[32mINFO [0m[12-00-2021|19:43:01.830] User logged in                                [32muserid=[0m5fe3899bc60270160433ed85 [32mip=[0m::ffff:127.0.0.1 [0m
[32mINFO [0m[12-00-2021|19:58:46.488] Server started                                [32mhost=[0mlocalhost [32mport=[0m443 [0m
[32mINFO [0m[12-00-2021|19:58:46.508] Token secret created                          [32mtoken=[0mU/ajP,f(SZf+B@ZFDtwlI;$B.',2)ca0 [0m
[32mINFO [0m[12-00-2021|19:58:46.518] MongoDB connected                             [32muri=[0m'mongodb://localhost:27017/coacher' [0m
[32mINFO [0m[12-00-2021|19:58:52.760] User logged in                                [32muserid=[0m5fe3899bc60270160433ed85 [32mip=[0m::ffff:127.0.0.1 [0m
[32mINFO [0m[12-00-2021|19:59:41.541] Server started                                [32mhost=[0mlocalhost [32mport=[0m443 [0m
[32mINFO [0m[12-00-2021|19:59:41.558] MongoDB connected                             [32muri=[0m'mongodb://localhost:27017/coacher' [0m
[32mINFO [0m[12-00-2021|19:59:41.558] Token secret created                          [32mtoken=[0m.iG4pqs@dA#6rs\K#e5/e@e]OWWHAk!c [0m
[32mINFO [0m[12-00-2021|19:59:51.055] User logged in                                [32muserid=[0m5fe3899bc60270160433ed85 [32mip=[0m::1 [0m
[32mINFO [0m[12-00-2021|20:00:18.272] Server started                                [32mhost=[0mlocalhost [32mport=[0m443 [0m
[32mINFO [0m[12-00-2021|20:00:18.292] MongoDB connected                             [32muri=[0m'mongodb://localhost:27017/coacher' [0m
[32mINFO [0m[12-00-2021|20:00:18.293] Token secret created                          [32mtoken=[0mod[6dW%trGs9b_c)267BDr0xKLo#8*L# [0m
[32mINFO [0m[12-00-2021|20:00:23.975] User logged in                                [32muserid=[0m5fe3899bc60270160433ed85 [32mip=[0m::1 [0m
[32mINFO [0m[12-00-2021|20:01:41.043] Server started                                [32mhost=[0mlocalhost [32mport=[0m443 [0m
[32mINFO [0m[12-00-2021|20:01:41.058] MongoDB connected                             [32muri=[0m'mongodb://localhost:27017/coacher' [0m
[32mINFO [0m[12-00-2021|20:01:47.539] User logged in                                [32muserid=[0m5fe3899bc60270160433ed85 [32mip=[0m::1 [0m
[32mINFO [0m[12-00-2021|20:03:45.795] Server started                                [32mhost=[0mlocalhost [32mport=[0m443 [0m
[32mINFO [0m[12-00-2021|20:03:45.810] MongoDB connected                             [32muri=[0m'mongodb://localhost:27017/coacher' [0m
[32mINFO [0m[12-00-2021|20:04:09.344] Server started                                [32mhost=[0mlocalhost [32mport=[0m443 [0m
[32mINFO [0m[12-00-2021|20:04:09.360] MongoDB connected                             [32muri=[0m'mongodb://localhost:27017/coacher' [0m
[32mINFO [0m[12-00-2021|20:04:11.710] Exercise created                              [32mid=[0m5ffdf2aaa8f0de3e14461097 [32mname=[0mTest [0m
[32mINFO [0m[12-00-2021|20:15:40.610] Server started                                [32mhost=[0mlocalhost [32mport=[0m443 [0m
[32mINFO [0m[12-00-2021|20:15:40.659] MongoDB connected                             [32muri=[0m'mongodb://localhost:27017/coacher' [0m
[32mINFO [0m[12-00-2021|20:30:29.002] Server started                                [32mhost=[0mlocalhost [32mport=[0m443 [0m
[32mINFO [0m[12-00-2021|20:30:29.023] MongoDB connected                             [32muri=[0m'mongodb://localhost:27017/coacher' [0m
[32mINFO [0m[12-00-2021|20:30:47.819] Server started                                [32mhost=[0mlocalhost [32mport=[0m443 [0m
[32mINFO [0m[12-00-2021|20:30:47.834] MongoDB connected                             [32muri=[0m'mongodb://localhost:27017/coacher' [0m
[32mINFO [0m[12-00-2021|20:31:23.862] Server started                                [32mhost=[0mlocalhost [32mport=[0m443 [0m
[32mINFO [0m[12-00-2021|20:31:23.878] MongoDB connected                             [32muri=[0m'mongodb://localhost:27017/coacher' [0m
[32mINFO [0m[12-00-2021|20:31:30.971] Server started                                [32mhost=[0mlocalhost [32mport=[0m443 [0m
[32mINFO [0m[12-00-2021|20:31:30.992] MongoDB connected                             [32muri=[0m'mongodb://localhost:27017/coacher' [0m
[32mINFO [0m[12-00-2021|20:33:38.369] Server started                                [32mhost=[0mlocalhost [32mport=[0m443 [0m
[32mINFO [0m[12-00-2021|20:33:38.389] MongoDB connected                             [32muri=[0m'mongodb://localhost:27017/coacher' [0m
[32mINFO [0m[12-00-2021|20:34:29.196] Server started                                [32mhost=[0mlocalhost [32mport=[0m443 [0m
[32mINFO [0m[12-00-2021|20:34:29.215] MongoDB connected                             [32muri=[0m'mongodb://localhost:27017/coacher' [0m
[32mINFO [0m[12-00-2021|20:34:54.065] Server started                                [32mhost=[0mlocalhost [32mport=[0m443 [0m
[32mINFO [0m[12-00-2021|20:34:54.085] MongoDB connected                             [32muri=[0m'mongodb://localhost:27017/coacher' [0m
[32mINFO [0m[12-00-2021|20:35:12.350] Server started                                [32mhost=[0mlocalhost [32mport=[0m443 [0m
[32mINFO [0m[12-00-2021|20:35:12.367] MongoDB connected                             [32muri=[0m'mongodb://localhost:27017/coacher' [0m
[32mINFO [0m[12-00-2021|20:35:36.986] Server started                                [32mhost=[0mlocalhost [32mport=[0m443 [0m
[32mINFO [0m[12-00-2021|20:35:37.006] MongoDB connected                             [32muri=[0m'mongodb://localhost:27017/coacher' [0m
[32mINFO [0m[12-00-2021|20:36:20.140] Server started                                [32mhost=[0mlocalhost [32mport=[0m443 [0m
[32mINFO [0m[12-00-2021|20:36:20.158] MongoDB connected                             [32muri=[0m'mongodb://localhost:27017/coacher' [0m
[32mINFO [0m[12-00-2021|20:40:01.257] Exercise created                              [32mid=[0m5ffdfb11d6e70b2b5cf03572 [32mname=[0mPush-up [0m
[32mINFO [0m[12-00-2021|20:41:15.313] User logged out                               [32muserid=[0m5fe3899bc60270160433ed85 [32mip=[0m::1 [0m
[32mINFO [0m[12-00-2021|21:46:44.424] Server started                                [32mhost=[0mlocalhost [32mport=[0m443 [0m
[32mINFO [0m[12-00-2021|21:46:44.456] MongoDB connected                             [32muri=[0m'mongodb://localhost:27017/coacher' [0m
[32mINFO [0m[12-00-2021|21:47:03.990] User logged in                                [32muserid=[0m5fe3899bc60270160433ed85 [32mip=[0m::ffff:127.0.0.1 [0m
[32mINFO [0m[12-00-2021|22:10:48.593] Server started                                [32mhost=[0mlocalhost [32mport=[0m443 [0m
[32mINFO [0m[12-00-2021|22:10:48.616] MongoDB connected                             [32muri=[0m'mongodb://localhost:27017/coacher' [0m
[32mINFO [0m[12-00-2021|22:15:45.446] Server started                                [32mhost=[0mlocalhost [32mport=[0m443 [0m
[32mINFO [0m[12-00-2021|22:15:45.462] MongoDB connected                             [32muri=[0m'mongodb://localhost:27017/coacher' [0m
[32mINFO [0m[12-00-2021|22:17:56.851] Server started                                [32mhost=[0mlocalhost [32mport=[0m443 [0m
[32mINFO [0m[12-00-2021|22:17:56.869] MongoDB connected                             [32muri=[0m'mongodb://localhost:27017/coacher' [0m
[32mINFO [0m[12-00-2021|22:18:10.514] Server started                                [32mhost=[0mlocalhost [32mport=[0m443 [0m
[32mINFO [0m[12-00-2021|22:18:10.529] MongoDB connected                             [32muri=[0m'mongodb://localhost:27017/coacher' [0m
[32mINFO [0m[12-00-2021|22:18:25.515] Server started                                [32mhost=[0mlocalhost [32mport=[0m443 [0m
[32mINFO [0m[12-00-2021|22:18:25.531] MongoDB connected                             [32muri=[0m'mongodb://localhost:27017/coacher' [0m
[32mINFO [0m[12-00-2021|22:19:03.154] Server started                                [32mhost=[0mlocalhost [32mport=[0m443 [0m
[32mINFO [0m[12-00-2021|22:19:03.171] MongoDB connected                             [32muri=[0m'mongodb://localhost:27017/coacher' [0m
[32mINFO [0m[12-00-2021|22:20:21.618] Server started                                [32mhost=[0mlocalhost [32mport=[0m443 [0m
[32mINFO [0m[12-00-2021|22:20:21.644] MongoDB connected                             [32muri=[0m'mongodb://localhost:27017/coacher' [0m
[32mINFO [0m[12-00-2021|22:22:19.191] Server started                                [32mhost=[0mlocalhost [32mport=[0m443 [0m
[32mINFO [0m[12-00-2021|22:22:19.208] MongoDB connected                             [32muri=[0m'mongodb://localhost:27017/coacher' [0m
[32mINFO [0m[12-00-2021|22:22:31.737] Server started                                [32mhost=[0mlocalhost [32mport=[0m443 [0m
[32mINFO [0m[12-00-2021|22:22:31.756] MongoDB connected                             [32muri=[0m'mongodb://localhost:27017/coacher' [0m
[32mINFO [0m[12-00-2021|22:23:16.861] Server started                                [32mhost=[0mlocalhost [32mport=[0m443 [0m
[32mINFO [0m[12-00-2021|22:23:16.879] MongoDB connected                             [32muri=[0m'mongodb://localhost:27017/coacher' [0m
[32mINFO [0m[12-00-2021|22:24:14.392] Server started                                [32mhost=[0mlocalhost [32mport=[0m443 [0m
[32mINFO [0m[12-00-2021|22:24:14.408] MongoDB connected                             [32muri=[0m'mongodb://localhost:27017/coacher' [0m
[32mINFO [0m[12-00-2021|22:27:10.410] Server started                                [32mhost=[0mlocalhost [32mport=[0m443 [0m
[32mINFO [0m[12-00-2021|22:27:10.427] MongoDB connected                             [32muri=[0m'mongodb://localhost:27017/coacher' [0m
[32mINFO [0m[12-00-2021|22:27:41.326] Server started                                [32mhost=[0mlocalhost [32mport=[0m443 [0m
[32mINFO [0m[12-00-2021|22:27:41.343] MongoDB connected                             [32muri=[0m'mongodb://localhost:27017/coacher' [0m
[32mINFO [0m[12-00-2021|22:44:17.840] Server started                                [32mhost=[0mlocalhost [32mport=[0m443 [0m
[32mINFO [0m[12-00-2021|22:44:17.856] MongoDB connected                             [32muri=[0m'mongodb://localhost:27017/coacher' [0m
[32mINFO [0m[12-00-2021|22:59:46.426] Server started                                [32mhost=[0mlocalhost [32mport=[0m443 [0m
[32mINFO [0m[12-00-2021|22:59:46.447] MongoDB connected                             [32muri=[0m'mongodb://localhost:27017/coacher' [0m
[32mINFO [0m[12-00-2021|22:59:57.230] User logged in                                [32muserid=[0m5fe3899bc60270160433ed85 [32mip=[0m::ffff:127.0.0.1 [0m
[32mINFO [0m[12-00-2021|23:00:45.405] Server started                                [32mhost=[0mlocalhost [32mport=[0m443 [0m
[32mINFO [0m[12-00-2021|23:00:45.421] MongoDB connected                             [32muri=[0m'mongodb://localhost:27017/coacher' [0m
[32mINFO [0m[12-00-2021|23:02:00.847] User logged out                               [32muserid=[0m5fe3899bc60270160433ed85 [32mip=[0m::ffff:127.0.0.1 [0m
[32mINFO [0m[12-00-2021|23:02:09.698] User logged in                                [32muserid=[0m5fe3899bc60270160433ed85 [32mip=[0m::ffff:127.0.0.1 [0m
[32mINFO [0m[12-00-2021|23:21:18.555] Server started                                [32mhost=[0mlocalhost [32mport=[0m443 [0m
[32mINFO [0m[12-00-2021|23:21:18.580] MongoDB connected                             [32muri=[0m'mongodb://localhost:27017/coacher' [0m
[32mINFO [0m[12-00-2021|23:32:24.173] Server started                                [32mhost=[0mlocalhost [32mport=[0m443 [0m
[32mINFO [0m[12-00-2021|23:32:24.201] MongoDB connected                             [32muri=[0m'mongodb://localhost:27017/coacher' [0m
[32mINFO [0m[12-00-2021|23:46:16.958] User logged in                                [32muserid=[0m5fe3899bc60270160433ed85 [32mip=[0m::ffff:127.0.0.1 [0m
[32mINFO [0m[13-00-2021|00:12:12.486] Server started                                [32mhost=[0mlocalhost [32mport=[0m443 [0m
[32mINFO [0m[13-00-2021|00:12:12.503] MongoDB connected                             [32muri=[0m'mongodb://localhost:27017/coacher' [0m
[32mINFO [0m[13-00-2021|00:12:27.615] Server started                                [32mhost=[0mlocalhost [32mport=[0m443 [0m
[32mINFO [0m[13-00-2021|00:12:27.630] MongoDB connected                             [32muri=[0m'mongodb://localhost:27017/coacher' [0m
[32mINFO [0m[13-00-2021|00:12:31.950] User logged in                                [32muserid=[0m5fe3899bc60270160433ed85 [32mip=[0m::ffff:127.0.0.1 [0m
[32mINFO [0m[13-00-2021|00:17:44.868] User logged in                                [32muserid=[0m5fe3899bc60270160433ed85 [32mip=[0m::ffff:127.0.0.1 [0m
[32mINFO [0m[13-00-2021|00:25:58.782] Server started                                [32mhost=[0mlocalhost [32mport=[0m443 [0m
[32mINFO [0m[13-00-2021|00:25:58.799] MongoDB connected                             [32muri=[0m'mongodb://localhost:27017/coacher' [0m
[32mINFO [0m[13-00-2021|00:38:13.284] Server started                                [32mhost=[0mlocalhost [32mport=[0m443 [0m
[32mINFO [0m[13-00-2021|00:38:13.300] MongoDB connected                             [32muri=[0m'mongodb://localhost:27017/coacher' [0m
[32mINFO [0m[13-00-2021|00:38:39.495] Server started                                [32mhost=[0mlocalhost [32mport=[0m443 [0m
[32mINFO [0m[13-00-2021|00:38:39.515] MongoDB connected                             [32muri=[0m'mongodb://localhost:27017/coacher' [0m
[32mINFO [0m[13-00-2021|00:41:37.756] Server started                                [32mhost=[0mlocalhost [32mport=[0m443 [0m
[32mINFO [0m[13-00-2021|00:41:37.774] MongoDB connected                             [32muri=[0m'mongodb://localhost:27017/coacher' [0m
[32mINFO [0m[13-00-2021|00:54:57.388] Server started                                [32mhost=[0mlocalhost [32mport=[0m443 [0m
[32mINFO [0m[13-00-2021|00:54:57.403] MongoDB connected                             [32muri=[0m'mongodb://localhost:27017/coacher' [0m
[32mINFO [0m[13-00-2021|00:55:30.101] Server started                                [32mhost=[0mlocalhost [32mport=[0m443 [0m
[32mINFO [0m[13-00-2021|00:55:30.115] MongoDB connected                             [32muri=[0m'mongodb://localhost:27017/coacher' [0m
[32mINFO [0m[13-00-2021|00:56:41.344] Server started                                [32mhost=[0mlocalhost [32mport=[0m443 [0m
[32mINFO [0m[13-00-2021|00:56:41.361] MongoDB connected                             [32muri=[0m'mongodb://localhost:27017/coacher' [0m
[32mINFO [0m[13-00-2021|01:01:04.388] Server started                                [32mhost=[0mlocalhost [32mport=[0m443 [0m
[32mINFO [0m[13-00-2021|01:01:04.403] MongoDB connected                             [32muri=[0m'mongodb://localhost:27017/coacher' [0m
[32mINFO [0m[13-00-2021|01:01:21.886] Server started                                [32mhost=[0mlocalhost [32mport=[0m443 [0m
[32mINFO [0m[13-00-2021|01:01:21.904] MongoDB connected                             [32muri=[0m'mongodb://localhost:27017/coacher' [0m
[32mINFO [0m[13-00-2021|01:01:47.931] Server started                                [32mhost=[0mlocalhost [32mport=[0m443 [0m
[32mINFO [0m[13-00-2021|01:01:47.949] MongoDB connected                             [32muri=[0m'mongodb://localhost:27017/coacher' [0m
[32mINFO [0m[13-00-2021|01:02:06.976] Server started                                [32mhost=[0mlocalhost [32mport=[0m443 [0m
[32mINFO [0m[13-00-2021|01:02:06.992] MongoDB connected                             [32muri=[0m'mongodb://localhost:27017/coacher' [0m
[32mINFO [0m[13-00-2021|01:02:46.169] Server started                                [32mhost=[0mlocalhost [32mport=[0m443 [0m
[32mINFO [0m[13-00-2021|01:02:46.184] MongoDB connected                             [32muri=[0m'mongodb://localhost:27017/coacher' [0m
[32mINFO [0m[13-00-2021|01:03:08.555] Server started                                [32mhost=[0mlocalhost [32mport=[0m443 [0m
[32mINFO [0m[13-00-2021|01:03:08.572] MongoDB connected                             [32muri=[0m'mongodb://localhost:27017/coacher' [0m
[32mINFO [0m[13-00-2021|01:03:44.929] Server started                                [32mhost=[0mlocalhost [32mport=[0m443 [0m
[32mINFO [0m[13-00-2021|01:03:44.945] MongoDB connected                             [32muri=[0m'mongodb://localhost:27017/coacher' [0m
[32mINFO [0m[13-00-2021|01:03:46.227] Exercise edited                               [32mid=[0m5ffdfb11d6e70b2b5cf03572 [32mname=[0mTestiranje [0m
[32mINFO [0m[13-00-2021|01:05:47.964] Server started                                [32mhost=[0mlocalhost [32mport=[0m443 [0m
[32mINFO [0m[13-00-2021|01:05:47.980] MongoDB connected                             [32muri=[0m'mongodb://localhost:27017/coacher' [0m
[32mINFO [0m[13-00-2021|01:06:42.754] Server started                                [32mhost=[0mlocalhost [32mport=[0m443 [0m
[32mINFO [0m[13-00-2021|01:06:42.772] MongoDB connected                             [32muri=[0m'mongodb://localhost:27017/coacher' [0m
[32mINFO [0m[13-00-2021|01:07:03.945] Server started                                [32mhost=[0mlocalhost [32mport=[0m443 [0m
[32mINFO [0m[13-00-2021|01:07:03.960] MongoDB connected                             [32muri=[0m'mongodb://localhost:27017/coacher' [0m
[32mINFO [0m[13-00-2021|01:21:32.969] Exercise edited                               [32mid=[0m5ffdfb11d6e70b2b5cf03572 [32mname=[0mPush-up [0m
[32mINFO [0m[13-00-2021|01:26:36.830] Exercise created                              [32mid=[0m5ffe3e3c27f9823a7831d8ca [32mname=[0mMudja [0m
[32mINFO [0m[13-00-2021|01:28:38.325] Exercise edited                               [32mid=[0m5ffe3e3c27f9823a7831d8ca [32mname=[0mMudja [0m
[32mINFO [0m[13-00-2021|01:28:49.672] Exercise edited                               [32mid=[0m5ffe3e3c27f9823a7831d8ca [32mname=[0mMudja [0m
[32mINFO [0m[13-00-2021|14:08:47.389] Server started                                [32mhost=[0mlocalhost [32mport=[0m443 [0m
[32mINFO [0m[13-00-2021|14:08:47.414] MongoDB connected                             [32muri=[0m'mongodb://localhost:27017/coacher' [0m
[32mINFO [0m[13-00-2021|14:09:05.810] User logged in                                [32muserid=[0m5fe3899bc60270160433ed85 [32mip=[0m::ffff:127.0.0.1 [0m
[32mINFO [0m[13-00-2021|14:14:49.339] Server started                                [32mhost=[0mlocalhost [32mport=[0m443 [0m
[32mINFO [0m[13-00-2021|14:14:49.356] MongoDB connected                             [32muri=[0m'mongodb://localhost:27017/coacher' [0m
[32mINFO [0m[13-00-2021|14:29:26.751] Server started                                [32mhost=[0mlocalhost [32mport=[0m443 [0m
[32mINFO [0m[13-00-2021|14:29:26.794] MongoDB connected                             [32muri=[0m'mongodb://localhost:27017/coacher' [0m
[32mINFO [0m[13-00-2021|14:31:51.241] Server started                                [32mhost=[0mlocalhost [32mport=[0m443 [0m
[32mINFO [0m[13-00-2021|14:31:51.266] MongoDB connected                             [32muri=[0m'mongodb://localhost:27017/coacher' [0m
[32mINFO [0m[13-00-2021|14:46:33.246] Server started                                [32mhost=[0mlocalhost [32mport=[0m443 [0m
[32mINFO [0m[13-00-2021|14:46:33.262] MongoDB connected                             [32muri=[0m'mongodb://localhost:27017/coacher' [0m
[32mINFO [0m[13-00-2021|14:46:43.495] Server started                                [32mhost=[0mlocalhost [32mport=[0m443 [0m
[32mINFO [0m[13-00-2021|14:46:43.513] MongoDB connected                             [32muri=[0m'mongodb://localhost:27017/coacher' [0m
[32mINFO [0m[13-00-2021|14:46:48.926] Server started                                [32mhost=[0mlocalhost [32mport=[0m443 [0m
[32mINFO [0m[13-00-2021|14:46:48.944] MongoDB connected                             [32muri=[0m'mongodb://localhost:27017/coacher' [0m
[32mINFO [0m[13-00-2021|14:46:54.239] User logged in                                [32muserid=[0m5fe3899bc60270160433ed85 [32mip=[0m::ffff:127.0.0.1 [0m
[32mINFO [0m[13-00-2021|14:51:20.682] User logged in                                [32muserid=[0m5fe3899bc60270160433ed85 [32mip=[0m::ffff:127.0.0.1 [0m
